{
  "stats": {
    "suites": 1,
    "tests": 1,
    "passes": 1,
    "pending": 0,
    "failures": 0,
    "start": "2022-03-29T02:10:56.473Z",
    "end": "2022-03-29T02:11:15.592Z",
    "duration": 19119,
    "testsRegistered": 1,
    "passPercent": 100,
    "pendingPercent": 0,
    "other": 0,
    "hasOther": false,
    "skipped": 0,
    "hasSkipped": false
  },
  "results": [
    {
      "uuid": "e44e0195-42fe-439f-9628-ca899bea01db",
      "title": "",
      "fullFile": "cypress/integration/Cadastro/cadastro.spec.js",
      "file": "cypress/integration/Cadastro/cadastro.spec.js",
      "beforeHooks": [],
      "afterHooks": [],
      "tests": [],
      "suites": [
        {
          "uuid": "3bdbb1c0-0cc9-4a81-843f-e8cc79771694",
          "title": "Cadastro",
          "fullFile": "",
          "file": "",
          "beforeHooks": [],
          "afterHooks": [],
          "tests": [
            {
              "title": "Cadastro de usuario no site",
              "fullTitle": "Cadastro Cadastro de usuario no site",
              "timedOut": null,
              "duration": 19064,
              "state": "passed",
              "speed": "slow",
              "pass": true,
              "fail": false,
              "pending": false,
              "context": null,
              "code": "cy.visit('http://automationpractice.com/index.php?controller=authentication&back=my-account');\ncy.get('input#email_create').type(chance.email());\ncy.get('button#SubmitCreate').click();\ncy.get('input#id_gender1').check();\ncy.get('input#customer_firstname').type(chance.first());\ncy.get('input#customer_lastname').type(chance.last());\ncy.get('input#passwd').type('ab@C1234');\ncy.get('select#days').select('30');\ncy.get('select#months').select('September');\ncy.get('select#years').select('1996');\ncy.get('input#address1').type(chance.address());\ncy.get('input#city').type(chance.city());\ncy.get('select#id_state').select('Arizona');\ncy.get('input#postcode').type(chance.zip());\ncy.get('input#phone_mobile').type(chance.phone({\n  formatted: false\n}));\ncy.get('button#submitAccount').click();\ncy.contains('Welcome to your account. Here you can manage all of your personal information and orders.');\ncy.url().should('be.equal', 'http://automationpractice.com/index.php?controller=my-account');",
              "err": {},
              "uuid": "a1085238-d21d-41fb-8053-f7549a29fe69",
              "parentUUID": "3bdbb1c0-0cc9-4a81-843f-e8cc79771694",
              "isHook": false,
              "skipped": false
            }
          ],
          "suites": [],
          "passes": [
            "a1085238-d21d-41fb-8053-f7549a29fe69"
          ],
          "failures": [],
          "pending": [],
          "skipped": [],
          "duration": 19064,
          "root": false,
          "rootEmpty": false,
          "_timeout": 2000
        }
      ],
      "passes": [],
      "failures": [],
      "pending": [],
      "skipped": [],
      "duration": 0,
      "root": true,
      "rootEmpty": true,
      "_timeout": 2000
    }
  ],
  "meta": {
    "mocha": {
      "version": "7.0.1"
    },
    "mochawesome": {
      "options": {
        "quiet": false,
        "reportFilename": "mochawesome",
        "saveHtml": true,
        "saveJson": true,
        "consoleReporter": "spec",
        "useInlineDiffs": false,
        "code": true
      },
      "version": "7.1.3"
    },
    "marge": {
      "options": {
        "id": "default"
      },
      "version": "6.2.0"
    }
  }
}