{
  "stats": {
    "suites": 1,
    "tests": 1,
    "passes": 1,
    "pending": 0,
    "failures": 0,
    "start": "2022-04-11T03:06:21.401Z",
    "end": "2022-04-11T03:06:38.915Z",
    "duration": 17514,
    "testsRegistered": 1,
    "passPercent": 100,
    "pendingPercent": 0,
    "other": 0,
    "hasOther": false,
    "skipped": 0,
    "hasSkipped": false
  },
  "results": [
    {
      "uuid": "297bff6a-0d66-47a7-8db6-dcb158bf1125",
      "title": "",
      "fullFile": "cypress/integration/Cadastro/cadastro.spec.js",
      "file": "cypress/integration/Cadastro/cadastro.spec.js",
      "beforeHooks": [],
      "afterHooks": [],
      "tests": [],
      "suites": [
        {
          "uuid": "0936f911-021d-4a9b-bdcb-5b6f27a58598",
          "title": "Cadastro",
          "fullFile": "",
          "file": "",
          "beforeHooks": [],
          "afterHooks": [],
          "tests": [
            {
              "title": "Cadastro de usuario no site",
              "fullTitle": "Cadastro Cadastro de usuario no site",
              "timedOut": null,
              "duration": 17402,
              "state": "passed",
              "speed": "slow",
              "pass": true,
              "fail": false,
              "pending": false,
              "context": null,
              "code": "_cadastro.default.acessarPaginaDeCadastro();\n_cadastro.default.digitarEmail();\n_cadastro.default.clicarNoBotaoCreate();\n_cadastro.default.selecionarGenero();\n_cadastro.default.digitarPrimeiroNome();\n_cadastro.default.digitarSegundoNome();\n_cadastro.default.digitarSenha();\n_cadastro.default.selencionarDataNascimento();\n_cadastro.default.digitarEndereco();\n_cadastro.default.selecionarCidade();\n_cadastro.default.selecionarEstado();\n_cadastro.default.digitarCEP();\n_cadastro.default.digitarTelefone();\n_cadastro.default.clicarNoBotaoRegistrar();\ncy.contains('Welcome to your account. Here you can manage all of your personal information and orders.');\ncy.url().should('be.equal', 'http://automationpractice.com/index.php?controller=my-account');",
              "err": {},
              "uuid": "5c545689-b3cb-4369-9227-39652a043f1d",
              "parentUUID": "0936f911-021d-4a9b-bdcb-5b6f27a58598",
              "isHook": false,
              "skipped": false
            }
          ],
          "suites": [],
          "passes": [
            "5c545689-b3cb-4369-9227-39652a043f1d"
          ],
          "failures": [],
          "pending": [],
          "skipped": [],
          "duration": 17402,
          "root": false,
          "rootEmpty": false,
          "_timeout": 2000
        }
      ],
      "passes": [],
      "failures": [],
      "pending": [],
      "skipped": [],
      "duration": 0,
      "root": true,
      "rootEmpty": true,
      "_timeout": 2000
    }
  ],
  "meta": {
    "mocha": {
      "version": "7.0.1"
    },
    "mochawesome": {
      "options": {
        "quiet": false,
        "reportFilename": "mochawesome",
        "saveHtml": true,
        "saveJson": true,
        "consoleReporter": "spec",
        "useInlineDiffs": false,
        "code": true
      },
      "version": "7.1.3"
    },
    "marge": {
      "options": {
        "id": "default"
      },
      "version": "6.2.0"
    }
  }
}